npm warn config optional Use `--omit=optional` to exclude optional dependencies, or
npm warn config `--include=optional` to include them.
npm warn config
npm warn config       Default value does install optional deps unless otherwise omitted.
npm warn Unknown project config "unsafe-perm". This will stop working in the next major version of npm.
npm warn Unknown global config "msvs_version". This will stop working in the next major version of npm.

> jonchalon@0.1.0 build
> next build

▲ Next.js 16.1.1 (Turbopack)
- Environments: .env.local

  Creating an optimized production build ...

> Build error occurred
Error: Turbopack build failed with 1 errors:
./app/showcase/page.tsx:138:19
Parsing ecmascript source code failed
[0m [90m 136 |[39m             [33m<[39m[33m/[39m[33mdiv[39m[33m>[39m
 [90m 137 |[39m           [33m<[39m[33m/[39m[33mScrollFade[39m[33m>[39m
[31m[1m>[22m[39m[90m 138 |[39m         [33m<[39m[33m/[39m[33msection[39m[33m>[39m
 [90m     |[39m                   [31m[1m^[22m[39m
[31m[1m>[22m[39m[90m 139 |[39m       [33m<[39m[33m/[39m[33mmain[39m[33m>[39m
 [90m     |[39m [31m[1m^[22m[39m[31m[1m^[22m[39m[31m[1m^[22m[39m[31m[1m^[22m[39m[31m[1m^[22m[39m[31m[1m^[22m[39m[31m[1m^[22m[39m
 [90m 140 |[39m     [33m<[39m[33m/[39m[33mdiv[39m[33m>[39m
 [90m 141 |[39m   )[33m;[39m
 [90m 142 |[39m }[0m

Expected '</', got 'jsx text (
      )'


    at <unknown> (./app/showcase/page.tsx:138:19)
